{
  "uid" : "ca3b944d062084e1",
  "name" : "test_failure",
  "fullName" : "pycode_demo.test_alluredemo01#test_failure",
  "historyId" : "235413fc7b29704a2ab5798bb5286b79",
  "time" : {
    "start" : 1626185680503,
    "stop" : 1626185680503,
    "duration" : 0
  },
  "description" : "this test fails",
  "descriptionHtml" : "<p>this test fails</p>\n",
  "status" : "failed",
  "statusMessage" : "AssertionError: assert False",
  "statusTrace" : "def test_failure():\n        \"\"\"this test fails\"\"\"\n>       assert False\nE       assert False\n\npycode_demo\\test_alluredemo01.py:11: AssertionError",
  "flaky" : false,
  "newFailed" : false,
  "beforeStages" : [ ],
  "afterStages" : [ ],
  "labels" : [ {
    "name" : "parentSuite",
    "value" : "pycode_demo"
  }, {
    "name" : "suite",
    "value" : "test_alluredemo01"
  }, {
    "name" : "host",
    "value" : "LAPTOP-K8PRO4TP"
  }, {
    "name" : "thread",
    "value" : "17088-MainThread"
  }, {
    "name" : "framework",
    "value" : "pytest"
  }, {
    "name" : "language",
    "value" : "cpython3"
  }, {
    "name" : "package",
    "value" : "pycode_demo.test_alluredemo01"
  }, {
    "name" : "resultFormat",
    "value" : "allure2"
  } ],
  "parameters" : [ ],
  "links" : [ ],
  "hidden" : false,
  "retry" : false,
  "extra" : {
    "severity" : "normal",
    "retries" : [ ],
    "categories" : [ {
      "name" : "Product defects",
      "matchedStatuses" : [ ],
      "flaky" : false
    } ],
    "tags" : [ ]
  },
  "source" : "ca3b944d062084e1.json",
  "parameterValues" : [ ]
}